<?xml version="1.0" encoding="UTF-8"?>
<!-- Generated by org.testng.reporters.JUnitReportReporter -->
<testsuite hostname="DESKTOP-5DJG0VO" failures="0" tests="1" name="practice1.seleniumXmlTestNGTest" time="11.960" errors="0" timestamp="19 Apr 2024 13:26:52 GMT" skipped="0">
  <testcase classname="practice1.seleniumXmlTestNGTest" name="sampleTest" time="11.960"/>
</testsuite> <!-- practice1.seleniumXmlTestNGTest -->
