<?xml version="1.0" encoding="UTF-8"?>
<!-- Generated by org.testng.reporters.JUnitReportReporter -->
<testsuite hostname="DESKTOP-5DJG0VO" failures="0" tests="1" name="practice.screenShot.sampleTest" time="17.919" errors="0" timestamp="2024-05-06T16:23:15 IST" skipped="0">
  <testcase classname="practice.screenShot.sampleTest" name="amazonTest" time="17.919"/>
</testsuite> <!-- practice.screenShot.sampleTest -->
