<?xml version="1.0" encoding="UTF-8"?>
<!-- Generated by org.testng.reporters.JUnitReportReporter -->
<testsuite hostname="DESKTOP-5DJG0VO" failures="0" tests="1" name="practice.ExtentReport.sampleReportTest" time="19.302" errors="0" timestamp="2024-05-09T14:50:29 IST" skipped="0">
  <testcase classname="practice.ExtentReport.sampleReportTest" name="createContactTest" time="19.302"/>
</testsuite> <!-- practice.ExtentReport.sampleReportTest -->
