<?xml version="1.0" encoding="UTF-8"?>
<!-- Generated by org.testng.reporters.JUnitReportReporter -->
<testsuite hostname="DESKTOP-5DJG0VO" failures="0" tests="2" name="practice.Assertion.SoftAssertTest" time="0.041" errors="0" timestamp="2024-05-07T13:30:55 IST" skipped="0">
  <testcase classname="practice.Assertion.SoftAssertTest" name="homePageTest" time="0.033">
    <system-out>
      <![CDATA[step-1
step-4]]>
    </system-out>
  </testcase> <!-- homePageTest -->
  <testcase classname="practice.Assertion.SoftAssertTest" name="logoVerificationTest" time="0.008"/>
  <system-out>
    <![CDATA[step-1
step-4]]>
  </system-out>
</testsuite> <!-- practice.Assertion.SoftAssertTest -->
