<?xml version="1.0" encoding="UTF-8"?>
<!-- Generated by org.testng.reporters.JUnitReportReporter -->
<testsuite hostname="DESKTOP-5DJG0VO" failures="0" tests="1" name="practice1.readDataFromTestNG" time="0.021" errors="0" timestamp="19 Apr 2024 13:16:29 GMT" skipped="0">
  <testcase classname="practice1.readDataFromTestNG" name="sampleTest" time="0.021"/>
</testsuite> <!-- practice1.readDataFromTestNG -->
